<?xml version="1.0" encoding="UTF-8"?>
<testsuite xmlns:xsi="http://www.w3.org/2001/XMLSchema-instance" xsi:noNamespaceSchemaLocation="https://maven.apache.org/surefire/maven-surefire-plugin/xsd/surefire-test-report.xsd" version="3.0.2" name="telran.java55.post.PostIntegrationTest" time="0.486" tests="1" errors="0" skipped="0" failures="1">
  <properties>
[...]
</properties>
  <testcase name="testAddAndFindPost" classname="telran.java55.post.PostIntegrationTest" time="0.046">
    <failure message="expected: &lt;200 OK&gt; but was: &lt;401 UNAUTHORIZED&gt;" type="org.opentest4j.AssertionFailedError"><![CDATA[org.opentest4j.AssertionFailedError: expected: <200 OK> but was: <401 UNAUTHORIZED>
	at org.junit.jupiter.api.AssertionFailureBuilder.build(AssertionFailureBuilder.java:151)
	at org.junit.jupiter.api.AssertionFailureBuilder.buildAndThrow(AssertionFailureBuilder.java:132)
	at org.junit.jupiter.api.AssertEquals.failNotEqual(AssertEquals.java:197)
	at org.junit.jupiter.api.AssertEquals.assertEquals(AssertEquals.java:182)
	at org.junit.jupiter.api.AssertEquals.assertEquals(AssertEquals.java:177)
	at org.junit.jupiter.api.Assertions.assertEquals(Assertions.java:1145)
	at telran.java55.post.PostIntegrationTest.testAddAndFindPost(PostIntegrationTest.java:31)
	at java.base/java.lang.reflect.Method.invoke(Method.java:580)
	at java.base/java.util.ArrayList.forEach(ArrayList.java:1597)
	at java.base/java.util.ArrayList.forEach(ArrayList.java:1597)
]]></failure>
    <system-out><![CDATA[2025-01-15T13:52:37.691+02:00  INFO 51000 --- [Forum-Service] [           main] t.c.s.AnnotationConfigContextLoaderUtils : Could not detect default configuration classes for test class [telran.java55.post.PostIntegrationTest]: PostIntegrationTest does not declare any static, non-private, non-final, nested classes annotated with @Configuration.
2025-01-15T13:52:37.704+02:00  INFO 51000 --- [Forum-Service] [           main] .b.t.c.SpringBootTestContextBootstrapper : Found @SpringBootConfiguration telran.java55.Application for test class telran.java55.post.PostIntegrationTest

  .   ____          _            __ _ _
 /\\ / ___'_ __ _ _(_)_ __  __ _ \ \ \ \
( ( )\___ | '_ | '_| | '_ \/ _` | \ \ \ \
 \\/  ___)| |_)| | | | | || (_| |  ) ) ) )
  '  |____| .__|_| |_|_| |_\__, | / / / /
 =========|_|==============|___/=/_/_/_/

 :: Spring Boot ::                (v3.4.1)

2025-01-15T13:52:37.728+02:00  INFO 51000 --- [Forum-Service] [ngodb.net:27017] org.mongodb.driver.cluster               : Monitor thread successfully connected to server with description ServerDescription{address=studentservice-shard-00-02.lm744.mongodb.net:27017, type=REPLICA_SET_PRIMARY, cryptd=false, state=CONNECTED, ok=true, minWireVersion=0, maxWireVersion=25, maxDocumentSize=16777216, logicalSessionTimeoutMinutes=30, roundTripTimeNanos=132626100, minRoundTripTimeNanos=0, setName='atlas-8ass8o-shard-0', canonicalAddress=studentservice-shard-00-02.lm744.mongodb.net:27017, hosts=[studentservice-shard-00-01.lm744.mongodb.net:27017, studentservice-shard-00-02.lm744.mongodb.net:27017, studentservice-shard-00-00.lm744.mongodb.net:27017], passives=[], arbiters=[], primary='studentservice-shard-00-02.lm744.mongodb.net:27017', tagSet=TagSet{[Tag{name='availabilityZone', value='euw3-az3'}, Tag{name='diskState', value='READY'}, Tag{name='nodeType', value='ELECTABLE'}, Tag{name='provider', value='AWS'}, Tag{name='region', value='EU_WEST_3'}, Tag{name='workloadType', value='OPERATIONAL'}]}, electionId=7fffffff000000000000001c, setVersion=4, topologyVersion=TopologyVersion{processId=677ec64f7c3c34e138a29ac2, counter=6}, lastWriteDate=Wed Jan 15 13:52:38 IST 2025, lastUpdateTimeNanos=2307063209114700}
2025-01-15T13:52:37.728+02:00  INFO 51000 --- [Forum-Service] [ngodb.net:27017] org.mongodb.driver.cluster               : Discovered replica set primary studentservice-shard-00-02.lm744.mongodb.net:27017 with max election id 7fffffff000000000000001c and max set version 4
2025-01-15T13:52:37.730+02:00  INFO 51000 --- [Forum-Service] [           main] telran.java55.post.PostIntegrationTest   : Starting PostIntegrationTest using Java 23.0.1 with PID 51000 (started by megos in C:\Users\megos\eclipse-workspace\BackendNew\Forum-Service)
2025-01-15T13:52:37.730+02:00  INFO 51000 --- [Forum-Service] [           main] telran.java55.post.PostIntegrationTest   : The following 1 profile is active: "test"
2025-01-15T13:52:37.736+02:00  INFO 51000 --- [Forum-Service] [ngodb.net:27017] org.mongodb.driver.cluster               : Monitor thread successfully connected to server with description ServerDescription{address=studentservice-shard-00-00.lm744.mongodb.net:27017, type=REPLICA_SET_SECONDARY, cryptd=false, state=CONNECTED, ok=true, minWireVersion=0, maxWireVersion=25, maxDocumentSize=16777216, logicalSessionTimeoutMinutes=30, roundTripTimeNanos=135075000, minRoundTripTimeNanos=0, setName='atlas-8ass8o-shard-0', canonicalAddress=studentservice-shard-00-00.lm744.mongodb.net:27017, hosts=[studentservice-shard-00-01.lm744.mongodb.net:27017, studentservice-shard-00-02.lm744.mongodb.net:27017, studentservice-shard-00-00.lm744.mongodb.net:27017], passives=[], arbiters=[], primary='studentservice-shard-00-02.lm744.mongodb.net:27017', tagSet=TagSet{[Tag{name='availabilityZone', value='euw3-az1'}, Tag{name='diskState', value='READY'}, Tag{name='nodeType', value='ELECTABLE'}, Tag{name='provider', value='AWS'}, Tag{name='region', value='EU_WEST_3'}, Tag{name='workloadType', value='OPERATIONAL'}]}, electionId=null, setVersion=4, topologyVersion=TopologyVersion{processId=677ec21bb1ee4ee4d8a20b4f, counter=4}, lastWriteDate=Wed Jan 15 13:52:38 IST 2025, lastUpdateTimeNanos=2307063216425000}
2025-01-15T13:52:37.736+02:00  INFO 51000 --- [Forum-Service] [ngodb.net:27017] org.mongodb.driver.cluster               : Monitor thread successfully connected to server with description ServerDescription{address=studentservice-shard-00-01.lm744.mongodb.net:27017, type=REPLICA_SET_SECONDARY, cryptd=false, state=CONNECTED, ok=true, minWireVersion=0, maxWireVersion=25, maxDocumentSize=16777216, logicalSessionTimeoutMinutes=30, roundTripTimeNanos=138133900, minRoundTripTimeNanos=0, setName='atlas-8ass8o-shard-0', canonicalAddress=studentservice-shard-00-01.lm744.mongodb.net:27017, hosts=[studentservice-shard-00-01.lm744.mongodb.net:27017, studentservice-shard-00-02.lm744.mongodb.net:27017, studentservice-shard-00-00.lm744.mongodb.net:27017], passives=[], arbiters=[], primary='studentservice-shard-00-02.lm744.mongodb.net:27017', tagSet=TagSet{[Tag{name='availabilityZone', value='euw3-az2'}, Tag{name='diskState', value='READY'}, Tag{name='nodeType', value='ELECTABLE'}, Tag{name='provider', value='AWS'}, Tag{name='region', value='EU_WEST_3'}, Tag{name='workloadType', value='OPERATIONAL'}]}, electionId=null, setVersion=4, topologyVersion=TopologyVersion{processId=677ec9bec32db61d2010d34c, counter=3}, lastWriteDate=Wed Jan 15 13:52:38 IST 2025, lastUpdateTimeNanos=2307063216663800}
2025-01-15T13:52:37.880+02:00  INFO 51000 --- [Forum-Service] [           main] .s.d.r.c.RepositoryConfigurationDelegate : Bootstrapping Spring Data MongoDB repositories in DEFAULT mode.
2025-01-15T13:52:37.900+02:00  INFO 51000 --- [Forum-Service] [           main] .s.d.r.c.RepositoryConfigurationDelegate : Finished Spring Data repository scanning in 18 ms. Found 2 MongoDB repository interfaces.
2025-01-15T13:52:37.943+02:00  INFO 51000 --- [Forum-Service] [           main] o.s.b.w.embedded.tomcat.TomcatWebServer  : Tomcat initialized with port 0 (http)
2025-01-15T13:52:37.944+02:00  INFO 51000 --- [Forum-Service] [           main] o.apache.catalina.core.StandardService   : Starting service [Tomcat]
2025-01-15T13:52:37.944+02:00  INFO 51000 --- [Forum-Service] [           main] o.apache.catalina.core.StandardEngine    : Starting Servlet engine: [Apache Tomcat/10.1.34]
2025-01-15T13:52:37.967+02:00  INFO 51000 --- [Forum-Service] [           main] o.a.c.c.C.[Tomcat-1].[localhost].[/]     : Initializing Spring embedded WebApplicationContext
2025-01-15T13:52:37.967+02:00  INFO 51000 --- [Forum-Service] [           main] w.s.c.ServletWebServerApplicationContext : Root WebApplicationContext: initialization completed in 235 ms
2025-01-15T13:52:37.994+02:00  INFO 51000 --- [Forum-Service] [           main] org.mongodb.driver.client                : MongoClient with metadata {"application": {"name": "StudentService"}, "driver": {"name": "mongo-java-driver|sync|spring-boot", "version": "5.2.1"}, "os": {"type": "Windows", "name": "Windows 11", "architecture": "amd64", "version": "10.0"}, "platform": "Java/Eclipse Adoptium/23.0.1+11"} created with settings MongoClientSettings{readPreference=primary, writeConcern=WriteConcern{w=majority, wTimeout=null ms, journal=null}, retryWrites=true, retryReads=true, readConcern=ReadConcern{level=null}, credential=MongoCredential{mechanism=null, userName='${MONGO_USER}', source='admin', password=<hidden>, mechanismProperties=<hidden>}, transportSettings=null, commandListeners=[], codecRegistry=ProvidersCodecRegistry{codecProviders=[ValueCodecProvider{}, BsonValueCodecProvider{}, DBRefCodecProvider{}, DBObjectCodecProvider{}, DocumentCodecProvider{}, CollectionCodecProvider{}, IterableCodecProvider{}, MapCodecProvider{}, GeoJsonCodecProvider{}, GridFSFileCodecProvider{}, Jsr310CodecProvider{}, JsonObjectCodecProvider{}, BsonCodecProvider{}, EnumCodecProvider{}, com.mongodb.client.model.mql.ExpressionCodecProvider@3b2db389, com.mongodb.Jep395RecordCodecProvider@45f1413c, com.mongodb.KotlinCodecProvider@1a139347]}, loggerSettings=LoggerSettings{maxDocumentLength=1000}, clusterSettings={hosts=[127.0.0.1:27017], srvHost=studentservice.lm744.mongodb.net, srvServiceName=mongodb, mode=MULTIPLE, requiredClusterType=REPLICA_SET, requiredReplicaSetName='atlas-8ass8o-shard-0', serverSelector='null', clusterListeners='[]', serverSelectionTimeout='30000 ms', localThreshold='15 ms'}, socketSettings=SocketSettings{connectTimeoutMS=10000, readTimeoutMS=0, receiveBufferSize=0, proxySettings=ProxySettings{host=null, port=null, username=null, password=null}}, heartbeatSocketSettings=SocketSettings{connectTimeoutMS=10000, readTimeoutMS=10000, receiveBufferSize=0, proxySettings=ProxySettings{host=null, port=null, username=null, password=null}}, connectionPoolSettings=ConnectionPoolSettings{maxSize=100, minSize=0, maxWaitTimeMS=120000, maxConnectionLifeTimeMS=0, maxConnectionIdleTimeMS=0, maintenanceInitialDelayMS=0, maintenanceFrequencyMS=60000, connectionPoolListeners=[], maxConnecting=2}, serverSettings=ServerSettings{heartbeatFrequencyMS=10000, minHeartbeatFrequencyMS=500, serverMonitoringMode=AUTO, serverListeners='[]', serverMonitorListeners='[]'}, sslSettings=SslSettings{enabled=true, invalidHostNameAllowed=false, context=null}, applicationName='StudentService', compressorList=[], uuidRepresentation=JAVA_LEGACY, serverApi=null, autoEncryptionSettings=null, dnsClient=null, inetAddressResolver=null, contextProvider=null, timeoutMS=null}
2025-01-15T13:52:38.005+02:00  INFO 51000 --- [Forum-Service] [744.mongodb.net] org.mongodb.driver.cluster               : Adding discovered server studentservice-shard-00-01.lm744.mongodb.net:27017 to client view of cluster
2025-01-15T13:52:38.006+02:00  INFO 51000 --- [Forum-Service] [744.mongodb.net] org.mongodb.driver.cluster               : Adding discovered server studentservice-shard-00-02.lm744.mongodb.net:27017 to client view of cluster
2025-01-15T13:52:38.007+02:00  INFO 51000 --- [Forum-Service] [744.mongodb.net] org.mongodb.driver.cluster               : Adding discovered server studentservice-shard-00-00.lm744.mongodb.net:27017 to client view of cluster
2025-01-15T13:52:38.099+02:00  WARN 51000 --- [Forum-Service] [           main] .s.s.UserDetailsServiceAutoConfiguration : 

Using generated security password: 97747b56-06ab-45ea-903a-d840ef705ce2

This generated password is for development use only. Your security configuration must be updated before running your application in production.

2025-01-15T13:52:38.100+02:00  INFO 51000 --- [Forum-Service] [           main] r$InitializeUserDetailsManagerConfigurer : Global AuthenticationManager configured with UserDetailsService bean with name inMemoryUserDetailsManager
2025-01-15T13:52:38.124+02:00  INFO 51000 --- [Forum-Service] [           main] o.s.b.w.embedded.tomcat.TomcatWebServer  : Tomcat started on port 54553 (http) with context path '/'
2025-01-15T13:52:38.126+02:00  INFO 51000 --- [Forum-Service] [           main] telran.java55.post.PostIntegrationTest   : Started PostIntegrationTest in 0.419 seconds (process running for 8.79)
2025-01-15T13:52:38.165+02:00  INFO 51000 --- [Forum-Service] [o-auto-2-exec-1] o.a.c.c.C.[Tomcat-1].[localhost].[/]     : Initializing Spring DispatcherServlet 'dispatcherServlet'
2025-01-15T13:52:38.165+02:00  INFO 51000 --- [Forum-Service] [o-auto-2-exec-1] o.s.web.servlet.DispatcherServlet        : Initializing Servlet 'dispatcherServlet'
2025-01-15T13:52:38.166+02:00  INFO 51000 --- [Forum-Service] [o-auto-2-exec-1] o.s.web.servlet.DispatcherServlet        : Completed initialization in 1 ms
]]></system-out>
  </testcase>
</testsuite>